生成启动时间为 2015-1-8 15:21:30。
     1>项目“E:\01-work\16_数据结构\day03\二叉树课堂操练\二叉树课堂操练\二叉树课堂操练.vcxproj”在节点 2 上(build 个目标)。
     1>InitializeBuildStatus:
         正在创建“Debug\二叉树课堂操练.unsuccessfulbuild”，因为已指定“AlwaysCreate”。
       ClCompile:
         C:\Program Files\Microsoft Visual Studio 10.0\VC\bin\CL.exe /c /ZI /nologo /W3 /WX- /Od /Oy- /D WIN32 /D _DEBUG /D _CONSOLE /D _UNICODE /D UNICODE /Gm /EHsc /RTC1 /MDd /GS /fp:precise /Zc:wchar_t /Zc:forScope /Fo"Debug\\" /Fd"Debug\vc100.pdb" /Gd /TC /analyze- /errorReport:prompt "dm03_树的强化训练.c"
         dm03_树的强化训练.c
       ManifestResourceCompile:
         所有输出均为最新。
       Link:
         C:\Program Files\Microsoft Visual Studio 10.0\VC\bin\link.exe /ERRORREPORT:PROMPT /OUT:"E:\01-work\16_数据结构\day03\二叉树课堂操练\Debug\二叉树课堂操练.exe" /INCREMENTAL /NOLOGO kernel32.lib user32.lib gdi32.lib winspool.lib comdlg32.lib advapi32.lib shell32.lib ole32.lib oleaut32.lib uuid.lib odbc32.lib odbccp32.lib /MANIFEST /ManifestFile:"Debug\二叉树课堂操练.exe.intermediate.manifest" /MANIFESTUAC:"level='asInvoker' uiAccess='false'" /DEBUG /PDB:"E:\01-work\16_数据结构\day03\二叉树课堂操练\Debug\二叉树课堂操练.pdb" /SUBSYSTEM:CONSOLE /TLBID:1 /DYNAMICBASE /NXCOMPAT /IMPLIB:"E:\01-work\16_数据结构\day03\二叉树课堂操练\Debug\二叉树课堂操练.lib" /MACHINE:X86 "Debug\二叉树课堂操练.exe.embed.manifest.res"
         "Debug\dm03_树的强化训练.obj"
       Manifest:
         C:\Program Files\Microsoft SDKs\Windows\v7.0A\bin\mt.exe /nologo /verbose /out:"Debug\二叉树课堂操练.exe.embed.manifest" /manifest "Debug\二叉树课堂操练.exe.intermediate.manifest"
         所有输出均为最新。
       LinkEmbedManifest:
         所有输出均为最新。
         二叉树课堂操练.vcxproj -> E:\01-work\16_数据结构\day03\二叉树课堂操练\Debug\二叉树课堂操练.exe
       FinalizeBuildStatus:
         正在删除文件“Debug\二叉树课堂操练.unsuccessfulbuild”。
         正在对“Debug\二叉树课堂操练.lastbuildstate”执行 Touch 任务。
     1>已完成生成项目“E:\01-work\16_数据结构\day03\二叉树课堂操练\二叉树课堂操练\二叉树课堂操练.vcxproj”(build 个目标)的操作。

生成成功。

已用时间 00:00:00.79
